This is pdfTeX, Version 3.141592653-2.6-1.40.24 (MiKTeX 22.11) (preloaded format=pdflatex 2022.11.29)  1 FEB 2023 13:29
entering extended mode
 \write18 enabled.
 file:line:error style messages enabled.
 %&-line parsing enabled.
**/home/leo/Desktop/GitHub/RelazioneSisDig/main.tex
(/home/leo/Desktop/GitHub/RelazioneSisDig/main.tex
LaTeX2e <2022-06-01> patch level 5
L3 programming layer <2022-10-26> (/home/leo/.miktex/texmfs/install/tex/latex/base/book.cls
Document Class: book 2021/10/04 v1.4n Standard LaTeX document class
(/home/leo/.miktex/texmfs/install/tex/latex/base/bk12.clo
File: bk12.clo 2021/10/04 v1.4n Standard LaTeX file (size option)
)
\c@part=\count185
\c@chapter=\count186
\c@section=\count187
\c@subsection=\count188
\c@subsubsection=\count189
\c@paragraph=\count190
\c@subparagraph=\count191
\c@figure=\count192
\c@table=\count193
\abovecaptionskip=\skip47
\belowcaptionskip=\skip48
\bibindent=\dimen138
) (/home/leo/.miktex/texmfs/install/tex/latex/csquotes/csquotes.sty
Package: csquotes 2022-09-14 v5.2n context-sensitive quotations (JAW)
 (/home/leo/.miktex/texmfs/install/tex/latex/etoolbox/etoolbox.sty
Package: etoolbox 2020/10/05 v2.5k e-TeX tools for LaTeX (JAW)
\etb@tempcnta=\count194
) (/home/leo/.miktex/texmfs/install/tex/latex/graphics/keyval.sty
Package: keyval 2022/05/29 v1.15 key=value parser (DPC)
\KV@toks@=\toks16
)
\csq@reset=\count195
\csq@gtype=\count196
\csq@glevel=\count197
\csq@qlevel=\count198
\csq@maxlvl=\count199
\csq@tshold=\count266
\csq@ltx@everypar=\toks17
 (/home/leo/.miktex/texmfs/install/tex/latex/csquotes/csquotes.def
File: csquotes.def 2022-09-14 v5.2n csquotes generic definitions (JAW)
)
Package csquotes Info: Trying to load configuration file 'csquotes.cfg'...
Package csquotes Info: ... configuration file loaded successfully.
 (/home/leo/.miktex/texmfs/install/tex/latex/csquotes/csquotes.cfg
File: csquotes.cfg 
)) (/home/leo/.miktex/texmfs/install/tex/latex/biblatex/biblatex.sty
Package: biblatex 2022/07/12 v3.18b programmable bibliographies (PK/MW)
 (/home/leo/.miktex/texmfs/install/tex/generic/pdftexcmds/pdftexcmds.sty
Package: pdftexcmds 2020-06-27 v0.33 Utility functions of pdfTeX for LuaTeX (HO)
 (/home/leo/.miktex/texmfs/install/tex/generic/infwarerr/infwarerr.sty
Package: infwarerr 2019/12/03 v1.5 Providing info/warning/error messages (HO)
) (/home/leo/.miktex/texmfs/install/tex/generic/iftex/iftex.sty
Package: iftex 2022/02/03 v1.0f TeX engine tests
) (/home/leo/.miktex/texmfs/install/tex/generic/ltxcmds/ltxcmds.sty
Package: ltxcmds 2020-05-10 v1.25 LaTeX kernel commands for general use (HO)
)
Package pdftexcmds Info: \pdf@primitive is available.
Package pdftexcmds Info: \pdf@ifprimitive is available.
Package pdftexcmds Info: \pdfdraftmode found.
) (/home/leo/.miktex/texmfs/install/tex/latex/kvoptions/kvoptions.sty
Package: kvoptions 2022-06-15 v3.15 Key value format for package options (HO)
 (/home/leo/.miktex/texmfs/install/tex/latex/kvsetkeys/kvsetkeys.sty
Package: kvsetkeys 2022-10-05 v1.19 Key value parser (HO)
)) (/home/leo/.miktex/texmfs/install/tex/latex/logreq/logreq.sty
Package: logreq 2010/08/04 v1.0 xml request logger
\lrq@indent=\count267
 (/home/leo/.miktex/texmfs/install/tex/latex/logreq/logreq.def
File: logreq.def 2010/08/04 v1.0 logreq spec v1.0
)) (/home/leo/.miktex/texmfs/install/tex/latex/base/ifthen.sty
Package: ifthen 2022/04/13 v1.1d Standard LaTeX ifthen package (DPC)
) (/home/leo/.miktex/texmfs/install/tex/latex/url/url.sty
\Urlmuskip=\muskip16
Package: url 2013/09/16  ver 3.4  Verb mode for urls, etc.
)
\c@tabx@nest=\count268
\c@listtotal=\count269
\c@listcount=\count270
\c@liststart=\count271
\c@liststop=\count272
\c@citecount=\count273
\c@citetotal=\count274
\c@multicitecount=\count275
\c@multicitetotal=\count276
\c@instcount=\count277
\c@maxnames=\count278
\c@minnames=\count279
\c@maxitems=\count280
\c@minitems=\count281
\c@citecounter=\count282
\c@maxcitecounter=\count283
\c@savedcitecounter=\count284
\c@uniquelist=\count285
\c@uniquename=\count286
\c@refsection=\count287
\c@refsegment=\count288
\c@maxextratitle=\count289
\c@maxextratitleyear=\count290
\c@maxextraname=\count291
\c@maxextradate=\count292
\c@maxextraalpha=\count293
\c@abbrvpenalty=\count294
\c@highnamepenalty=\count295
\c@lownamepenalty=\count296
\c@maxparens=\count297
\c@parenlevel=\count298
\blx@tempcnta=\count299
\blx@tempcntb=\count300
\blx@tempcntc=\count301
\c@blx@maxsection=\count302
\blx@maxsegment@0=\count303
\blx@notetype=\count304
\blx@parenlevel@text=\count305
\blx@parenlevel@foot=\count306
\blx@sectionciteorder@0=\count307
\blx@sectionciteorderinternal@0=\count308
\blx@entrysetcounter=\count309
\blx@biblioinstance=\count310
\labelnumberwidth=\skip49
\labelalphawidth=\skip50
\biblabelsep=\skip51
\bibitemsep=\skip52
\bibnamesep=\skip53
\bibinitsep=\skip54
\bibparsep=\skip55
\bibhang=\skip56
\blx@bcfin=\read2
\blx@bcfout=\write3
\blx@langwohyphens=\language1
\c@mincomprange=\count311
\c@maxcomprange=\count312
\c@mincompwidth=\count313
Package biblatex Info: Trying to load biblatex default data model...
Package biblatex Info: ... file 'blx-dm.def' found.
 (/home/leo/.miktex/texmfs/install/tex/latex/biblatex/blx-dm.def
File: blx-dm.def 2022/07/12 v3.18b biblatex localization (PK/MW)
)
Package biblatex Info: Trying to load biblatex style data model...
Package biblatex Info: ... file 'numeric-comp.dbx' not found.
Package biblatex Info: Trying to load biblatex custom data model...
Package biblatex Info: ... file 'biblatex-dm.cfg' not found.
\c@afterword=\count314
\c@savedafterword=\count315
\c@annotator=\count316
\c@savedannotator=\count317
\c@author=\count318
\c@savedauthor=\count319
\c@bookauthor=\count320
\c@savedbookauthor=\count321
\c@commentator=\count322
\c@savedcommentator=\count323
\c@editor=\count324
\c@savededitor=\count325
\c@editora=\count326
\c@savededitora=\count327
\c@editorb=\count328
\c@savededitorb=\count329
\c@editorc=\count330
\c@savededitorc=\count331
\c@foreword=\count332
\c@savedforeword=\count333
\c@holder=\count334
\c@savedholder=\count335
\c@introduction=\count336
\c@savedintroduction=\count337
\c@namea=\count338
\c@savednamea=\count339
\c@nameb=\count340
\c@savednameb=\count341
\c@namec=\count342
\c@savednamec=\count343
\c@translator=\count344
\c@savedtranslator=\count345
\c@shortauthor=\count346
\c@savedshortauthor=\count347
\c@shorteditor=\count348
\c@savedshorteditor=\count349
\c@labelname=\count350
\c@savedlabelname=\count351
\c@institution=\count352
\c@savedinstitution=\count353
\c@lista=\count354
\c@savedlista=\count355
\c@listb=\count356
\c@savedlistb=\count357
\c@listc=\count358
\c@savedlistc=\count359
\c@listd=\count360
\c@savedlistd=\count361
\c@liste=\count362
\c@savedliste=\count363
\c@listf=\count364
\c@savedlistf=\count365
\c@location=\count366
\c@savedlocation=\count367
\c@organization=\count368
\c@savedorganization=\count369
\c@origlocation=\count370
\c@savedoriglocation=\count371
\c@origpublisher=\count372
\c@savedorigpublisher=\count373
\c@publisher=\count374
\c@savedpublisher=\count375
\c@language=\count376
\c@savedlanguage=\count377
\c@origlanguage=\count378
\c@savedoriglanguage=\count379
\c@pageref=\count380
\c@savedpageref=\count381
\shorthandwidth=\skip57
\shortjournalwidth=\skip58
\shortserieswidth=\skip59
\shorttitlewidth=\skip60
\shortauthorwidth=\skip61
\shorteditorwidth=\skip62
\locallabelnumberwidth=\skip63
\locallabelalphawidth=\skip64
\localshorthandwidth=\skip65
\localshortjournalwidth=\skip66
\localshortserieswidth=\skip67
\localshorttitlewidth=\skip68
\localshortauthorwidth=\skip69
\localshorteditorwidth=\skip70
Package biblatex Info: Trying to load compatibility code...
Package biblatex Info: ... file 'blx-compat.def' found.
 (/home/leo/.miktex/texmfs/install/tex/latex/biblatex/blx-compat.def
File: blx-compat.def 2022/07/12 v3.18b biblatex compatibility (PK/MW)
)
Package biblatex Info: Trying to load BibTeX backend compatibility...
Package biblatex Info: ... file 'blx-bibtex.def' found.
 (/home/leo/.miktex/texmfs/install/tex/latex/biblatex/blx-bibtex.def
File: blx-bibtex.def 2022/07/12 v3.18b biblatex compatibility (PK/MW)


Package biblatex Warning: Using fall-back BibTeX(8) backend:
(biblatex)                functionality may be reduced/unavailable.

)
Package biblatex Info: Trying to load generic definitions...
Package biblatex Info: ... file 'biblatex.def' found.
 (/home/leo/.miktex/texmfs/install/tex/latex/biblatex/biblatex.def
File: biblatex.def 2022/07/12 v3.18b biblatex compatibility (PK/MW)
\c@textcitecount=\count382
\c@textcitetotal=\count383
\c@textcitemaxnames=\count384
\c@biburlbigbreakpenalty=\count385
\c@biburlbreakpenalty=\count386
\c@biburlnumpenalty=\count387
\c@biburlucpenalty=\count388
\c@biburllcpenalty=\count389
\biburlbigskip=\muskip17
\biburlnumskip=\muskip18
\biburlucskip=\muskip19
\biburllcskip=\muskip20
\c@smartand=\count390
)
Package biblatex Info: Trying to load natbib compatibility...
Package biblatex Info: ... file 'blx-natbib.def' found.
 (/home/leo/.miktex/texmfs/install/tex/latex/biblatex/blx-natbib.def
File: blx-natbib.def 2022/07/12 v3.18b biblatex compatibility (PK/MW)
Package biblatex Info: Delimiter 'nameyeardelim' in context '' already defined, overwriting.
)
Package biblatex Info: Trying to load bibliography style 'numeric-comp'...
Package biblatex Info: ... file 'numeric-comp.bbx' found.
 (/home/leo/.miktex/texmfs/install/tex/latex/biblatex/bbx/numeric-comp.bbx
File: numeric-comp.bbx 2022/07/12 v3.18b biblatex bibliography style (PK/MW)
Package biblatex Info: Trying to load bibliography style 'numeric'...
Package biblatex Info: ... file 'numeric.bbx' found.
 (/home/leo/.miktex/texmfs/install/tex/latex/biblatex/bbx/numeric.bbx
File: numeric.bbx 2022/07/12 v3.18b biblatex bibliography style (PK/MW)
Package biblatex Info: Trying to load bibliography style 'standard'...
Package biblatex Info: ... file 'standard.bbx' found.
 (/home/leo/.miktex/texmfs/install/tex/latex/biblatex/bbx/standard.bbx
File: standard.bbx 2022/07/12 v3.18b biblatex bibliography style (PK/MW)
\c@bbx:relatedcount=\count391
\c@bbx:relatedtotal=\count392
)))
Package biblatex Info: Trying to load citation style 'numeric-comp'...
Package biblatex Info: ... file 'numeric-comp.cbx' found.
 (/home/leo/.miktex/texmfs/install/tex/latex/biblatex/cbx/numeric-comp.cbx
File: numeric-comp.cbx 2022/07/12 v3.18b biblatex citation style (PK/MW)
\c@cbx@tempcnta=\count393
\c@cbx@tempcntb=\count394
\c@cbx@tempcntc=\count395
\c@cbx@tempcntd=\count396
Package biblatex Info: Redefining '\cite'.
Package biblatex Info: Redefining '\parencite'.
Package biblatex Info: Redefining '\footcite'.
Package biblatex Info: Redefining '\footcitetext'.
Package biblatex Info: Redefining '\smartcite'.
Package biblatex Info: Redefining '\supercite'.
Package biblatex Info: Redefining '\textcite'.
Package biblatex Info: Redefining '\textcites'.
Package biblatex Info: Redefining '\cites'.
Package biblatex Info: Redefining '\parencites'.
Package biblatex Info: Redefining '\smartcites'.
)
Package biblatex Info: Trying to load configuration file...
Package biblatex Info: ... file 'biblatex.cfg' found.
 (/home/leo/.miktex/texmfs/install/tex/latex/biblatex/biblatex.cfg
File: biblatex.cfg 
)
Package biblatex Info: Input encoding 'utf8' detected.
Package biblatex Info: Document encoding is UTF8 ....
 (/home/leo/.miktex/texmfs/install/tex/latex/l3kernel/expl3.sty
Package: expl3 2022-10-26 L3 programming layer (loader) 
 (/home/leo/.miktex/texmfs/install/tex/latex/l3backend/l3backend-pdftex.def
File: l3backend-pdftex.def 2022-10-26 L3 backend support: PDF output (pdfTeX)
\l__color_backend_stack_int=\count397
\l__pdf_internal_box=\box51
))
Package biblatex Info: ... and expl3
(biblatex)             2022-10-26 L3 programming layer (loader) 
(biblatex)             is new enough (at least 2020/04/06),
(biblatex)             setting 'casechanger=expl3'.
 (/home/leo/.miktex/texmfs/install/tex/latex/biblatex/blx-case-expl3.sty (/home/leo/.miktex/texmfs/install/tex/latex/l3packages/xparse/xparse.sty
Package: xparse 2022-06-22 L3 Experimental document command parser
)
Package: blx-case-expl3 2022/07/12 v3.18b expl3 case changing code for biblatex
)) (/home/leo/.miktex/texmfs/install/tex/latex/geometry/geometry.sty
Package: geometry 2020/01/02 v5.9 Page Geometry
 (/home/leo/.miktex/texmfs/install/tex/generic/iftex/ifvtex.sty
Package: ifvtex 2019/10/25 v1.7 ifvtex legacy package. Use iftex instead.
)
\Gm@cnth=\count398
\Gm@cntv=\count399
\c@Gm@tempcnt=\count400
\Gm@bindingoffset=\dimen139
\Gm@wd@mp=\dimen140
\Gm@odd@mp=\dimen141
\Gm@even@mp=\dimen142
\Gm@layoutwidth=\dimen143
\Gm@layoutheight=\dimen144
\Gm@layouthoffset=\dimen145
\Gm@layoutvoffset=\dimen146
\Gm@dimlist=\toks18
 (/home/leo/.miktex/texmfs/install/tex/latex/geometry/geometry.cfg)) (/home/leo/.miktex/texmfs/install/tex/latex/amsmath/amsmath.sty
Package: amsmath 2022/04/08 v2.17n AMS math features
\@mathmargin=\skip71

For additional information on amsmath, use the `?' option.
(/home/leo/.miktex/texmfs/install/tex/latex/amsmath/amstext.sty
Package: amstext 2021/08/26 v2.01 AMS text
 (/home/leo/.miktex/texmfs/install/tex/latex/amsmath/amsgen.sty
File: amsgen.sty 1999/11/30 v2.0 generic functions
\@emptytoks=\toks19
\ex@=\dimen147
)) (/home/leo/.miktex/texmfs/install/tex/latex/amsmath/amsbsy.sty
Package: amsbsy 1999/11/29 v1.2d Bold Symbols
\pmbraise@=\dimen148
) (/home/leo/.miktex/texmfs/install/tex/latex/amsmath/amsopn.sty
Package: amsopn 2022/04/08 v2.04 operator names
)
\inf@bad=\count401
LaTeX Info: Redefining \frac on input line 234.
\uproot@=\count402
\leftroot@=\count403
LaTeX Info: Redefining \overline on input line 399.
LaTeX Info: Redefining \colon on input line 410.
\classnum@=\count404
\DOTSCASE@=\count405
LaTeX Info: Redefining \ldots on input line 496.
LaTeX Info: Redefining \dots on input line 499.
LaTeX Info: Redefining \cdots on input line 620.
\Mathstrutbox@=\box52
\strutbox@=\box53
LaTeX Info: Redefining \big on input line 722.
LaTeX Info: Redefining \Big on input line 723.
LaTeX Info: Redefining \bigg on input line 724.
LaTeX Info: Redefining \Bigg on input line 725.
\big@size=\dimen149
LaTeX Font Info:    Redeclaring font encoding OML on input line 743.
LaTeX Font Info:    Redeclaring font encoding OMS on input line 744.
\macc@depth=\count406
LaTeX Info: Redefining \bmod on input line 905.
LaTeX Info: Redefining \pmod on input line 910.
LaTeX Info: Redefining \smash on input line 940.
LaTeX Info: Redefining \relbar on input line 970.
LaTeX Info: Redefining \Relbar on input line 971.
\c@MaxMatrixCols=\count407
\dotsspace@=\muskip21
\c@parentequation=\count408
\dspbrk@lvl=\count409
\tag@help=\toks20
\row@=\count410
\column@=\count411
\maxfields@=\count412
\andhelp@=\toks21
\eqnshift@=\dimen150
\alignsep@=\dimen151
\tagshift@=\dimen152
\tagwidth@=\dimen153
\totwidth@=\dimen154
\lineht@=\dimen155
\@envbody=\toks22
\multlinegap=\skip72
\multlinetaggap=\skip73
\mathdisplay@stack=\toks23
LaTeX Info: Redefining \[ on input line 2953.
LaTeX Info: Redefining \] on input line 2954.
) (/home/leo/.miktex/texmfs/install/tex/latex/graphics/graphicx.sty
Package: graphicx 2021/09/16 v1.2d Enhanced LaTeX Graphics (DPC,SPQR)
 (/home/leo/.miktex/texmfs/install/tex/latex/graphics/graphics.sty
Package: graphics 2022/03/10 v1.4e Standard LaTeX Graphics (DPC,SPQR)
 (/home/leo/.miktex/texmfs/install/tex/latex/graphics/trig.sty
Package: trig 2021/08/11 v1.11 sin cos tan (DPC)
) (/home/leo/.miktex/texmfs/install/tex/latex/graphics-cfg/graphics.cfg
File: graphics.cfg 2016/06/04 v1.11 sample graphics configuration
)
Package graphics Info: Driver file: pdftex.def on input line 107.
 (/home/leo/.miktex/texmfs/install/tex/latex/graphics-def/pdftex.def
File: pdftex.def 2022/09/22 v1.2b Graphics/color driver for pdftex
\stockwidth=\dimen156
\stockheight=\dimen157
))
\Gin@req@height=\dimen158
\Gin@req@width=\dimen159
) (/home/leo/.miktex/texmfs/install/tex/latex/xcolor/xcolor.sty
Package: xcolor 2022/06/12 v2.14 LaTeX color extensions (UK)
 (/home/leo/.miktex/texmfs/install/tex/latex/graphics-cfg/color.cfg
File: color.cfg 2016/01/02 v1.6 sample color configuration
)
Package xcolor Info: Driver file: pdftex.def on input line 227.
 (/home/leo/.miktex/texmfs/install/tex/latex/graphics/mathcolor.ltx)
Package xcolor Info: Model `cmy' substituted by `cmy0' on input line 1353.
Package xcolor Info: Model `hsb' substituted by `rgb' on input line 1357.
Package xcolor Info: Model `RGB' extended on input line 1369.
Package xcolor Info: Model `HTML' substituted by `rgb' on input line 1371.
Package xcolor Info: Model `Hsb' substituted by `hsb' on input line 1372.
Package xcolor Info: Model `tHsb' substituted by `hsb' on input line 1373.
Package xcolor Info: Model `HSB' substituted by `hsb' on input line 1374.
Package xcolor Info: Model `Gray' substituted by `gray' on input line 1375.
Package xcolor Info: Model `wave' substituted by `hsb' on input line 1376.
) (/home/leo/.miktex/texmfs/install/tex/latex/float/float.sty
Package: float 2001/11/08 v1.3d Float enhancements (AL)
\c@float@type=\count413
\float@exts=\toks24
\float@box=\box54
\@float@everytoks=\toks25
\@floatcapt=\box55
) (/home/leo/.miktex/texmfs/install/tex/latex/titlesec/titlesec.sty
Package: titlesec 2021/07/05 v2.14 Sectioning titles
\ttl@box=\box56
\beforetitleunit=\skip74
\aftertitleunit=\skip75
\ttl@plus=\dimen160
\ttl@minus=\dimen161
\ttl@toksa=\toks26
\titlewidth=\dimen162
\titlewidthlast=\dimen163
\titlewidthfirst=\dimen164
) (/home/leo/.miktex/texmfs/install/tex/latex/caption/subcaption.sty
Package: subcaption 2022/01/07 v1.5 Sub-captions (AR)
 (/home/leo/.miktex/texmfs/install/tex/latex/caption/caption.sty
Package: caption 2022/03/01 v3.6b Customizing captions (AR)
 (/home/leo/.miktex/texmfs/install/tex/latex/caption/caption3.sty
Package: caption3 2022/03/17 v2.3b caption3 kernel (AR)
\caption@tempdima=\dimen165
\captionmargin=\dimen166
\caption@leftmargin=\dimen167
\caption@rightmargin=\dimen168
\caption@width=\dimen169
\caption@indent=\dimen170
\caption@parindent=\dimen171
\caption@hangindent=\dimen172
Package caption Info: Standard document class detected.
)
\c@caption@flags=\count414
\c@continuedfloat=\count415
Package caption Info: float package is loaded.
)
\c@subfigure=\count416
\c@subtable=\count417
) (/home/leo/.miktex/texmfs/install/tex/latex/tools/multicol.sty
Package: multicol 2021/11/30 v1.9d multicolumn formatting (FMi)
\c@tracingmulticols=\count418
\mult@box=\box57
\multicol@leftmargin=\dimen173
\c@unbalance=\count419
\c@collectmore=\count420
\doublecol@number=\count421
\multicoltolerance=\count422
\multicolpretolerance=\count423
\full@width=\dimen174
\page@free=\dimen175
\premulticols=\dimen176
\postmulticols=\dimen177
\multicolsep=\skip76
\multicolbaselineskip=\skip77
\partial@page=\box58
\last@line=\box59
\maxbalancingoverflow=\dimen178
\mult@rightbox=\box60
\mult@grightbox=\box61
\mult@firstbox=\box62
\mult@gfirstbox=\box63
\@tempa=\box64
\@tempa=\box65
\@tempa=\box66
\@tempa=\box67
\@tempa=\box68
\@tempa=\box69
\@tempa=\box70
\@tempa=\box71
\@tempa=\box72
\@tempa=\box73
\@tempa=\box74
\@tempa=\box75
\@tempa=\box76
\@tempa=\box77
\@tempa=\box78
\@tempa=\box79
\@tempa=\box80
\@tempa=\box81
\@tempa=\box82
\@tempa=\box83
\@tempa=\box84
\@tempa=\box85
\@tempa=\box86
\@tempa=\box87
\@tempa=\box88
\@tempa=\box89
\@tempa=\box90
\@tempa=\box91
\@tempa=\box92
\@tempa=\box93
\@tempa=\box94
\@tempa=\box95
\@tempa=\box96
\@tempa=\box97
\@tempa=\box98
\@tempa=\box99
\c@minrows=\count424
\c@columnbadness=\count425
\c@finalcolumnbadness=\count426
\last@try=\dimen179
\multicolovershoot=\dimen180
\multicolundershoot=\dimen181
\mult@nat@firstbox=\box100
\colbreak@box=\box101
\mc@col@check@num=\count427
) (/home/leo/.miktex/texmfs/install/tex/latex/enumitem/enumitem.sty
Package: enumitem 2019/06/20 v3.9 Customized lists
\labelindent=\skip78
\enit@outerparindent=\dimen182
\enit@toks=\toks27
\enit@inbox=\box102
\enit@count@id=\count428
\enitdp@description=\count429
) (/home/leo/.miktex/texmfs/install/tex/latex/setspace/setspace.sty
Package: setspace 2011/12/19 v6.7a set line spacing
) (/home/leo/.miktex/texmfs/install/tex/latex/mdframed/mdframed.sty
Package: mdframed 2013/07/01 1.9b: mdframed
 (/home/leo/.miktex/texmfs/install/tex/latex/zref/zref-abspage.sty
Package: zref-abspage 2022-04-07 v2.34 Module abspage for zref (HO)
 (/home/leo/.miktex/texmfs/install/tex/latex/zref/zref-base.sty
Package: zref-base 2022-04-07 v2.34 Module base for zref (HO)
 (/home/leo/.miktex/texmfs/install/tex/generic/kvdefinekeys/kvdefinekeys.sty
Package: kvdefinekeys 2019-12-19 v1.6 Define keys (HO)
) (/home/leo/.miktex/texmfs/install/tex/generic/etexcmds/etexcmds.sty
Package: etexcmds 2019/12/15 v1.7 Avoid name clashes with e-TeX commands (HO)
) (/home/leo/.miktex/texmfs/install/tex/latex/auxhook/auxhook.sty
Package: auxhook 2019-12-17 v1.6 Hooks for auxiliary files (HO)
)
Package zref Info: New property list: main on input line 767.
Package zref Info: New property: default on input line 768.
Package zref Info: New property: page on input line 769.
) (/home/leo/.miktex/texmfs/install/tex/latex/base/atbegshi-ltx.sty
Package: atbegshi-ltx 2021/01/10 v1.0c Emulation of the original atbegshi
package with kernel methods
)
\c@abspage=\count430
Package zref Info: New property: abspage on input line 65.
) (/home/leo/.miktex/texmfs/install/tex/latex/needspace/needspace.sty
Package: needspace 2010/09/12 v1.3d reserve vertical space
)
\mdf@templength=\skip79
\c@mdf@globalstyle@cnt=\count431
\mdf@skipabove@length=\skip80
\mdf@skipbelow@length=\skip81
\mdf@leftmargin@length=\skip82
\mdf@rightmargin@length=\skip83
\mdf@innerleftmargin@length=\skip84
\mdf@innerrightmargin@length=\skip85
\mdf@innertopmargin@length=\skip86
\mdf@innerbottommargin@length=\skip87
\mdf@splittopskip@length=\skip88
\mdf@splitbottomskip@length=\skip89
\mdf@outermargin@length=\skip90
\mdf@innermargin@length=\skip91
\mdf@linewidth@length=\skip92
\mdf@innerlinewidth@length=\skip93
\mdf@middlelinewidth@length=\skip94
\mdf@outerlinewidth@length=\skip95
\mdf@roundcorner@length=\skip96
\mdf@footenotedistance@length=\skip97
\mdf@userdefinedwidth@length=\skip98
\mdf@needspace@length=\skip99
\mdf@frametitleaboveskip@length=\skip100
\mdf@frametitlebelowskip@length=\skip101
\mdf@frametitlerulewidth@length=\skip102
\mdf@frametitleleftmargin@length=\skip103
\mdf@frametitlerightmargin@length=\skip104
\mdf@shadowsize@length=\skip105
\mdf@extratopheight@length=\skip106
\mdf@subtitleabovelinewidth@length=\skip107
\mdf@subtitlebelowlinewidth@length=\skip108
\mdf@subtitleaboveskip@length=\skip109
\mdf@subtitlebelowskip@length=\skip110
\mdf@subtitleinneraboveskip@length=\skip111
\mdf@subtitleinnerbelowskip@length=\skip112
\mdf@subsubtitleabovelinewidth@length=\skip113
\mdf@subsubtitlebelowlinewidth@length=\skip114
\mdf@subsubtitleaboveskip@length=\skip115
\mdf@subsubtitlebelowskip@length=\skip116
\mdf@subsubtitleinneraboveskip@length=\skip117
\mdf@subsubtitleinnerbelowskip@length=\skip118
 (/home/leo/.miktex/texmfs/install/tex/latex/mdframed/md-frame-0.mdf
File: md-frame-0.mdf 2013/07/01\ 1.9b: md-frame-0
)
\mdf@frametitlebox=\box103
\mdf@footnotebox=\box104
\mdf@splitbox@one=\box105
\mdf@splitbox@two=\box106
\mdf@splitbox@save=\box107
\mdfsplitboxwidth=\skip119
\mdfsplitboxtotalwidth=\skip120
\mdfsplitboxheight=\skip121
\mdfsplitboxdepth=\skip122
\mdfsplitboxtotalheight=\skip123
\mdfframetitleboxwidth=\skip124
\mdfframetitleboxtotalwidth=\skip125
\mdfframetitleboxheight=\skip126
\mdfframetitleboxdepth=\skip127
\mdfframetitleboxtotalheight=\skip128
\mdffootnoteboxwidth=\skip129
\mdffootnoteboxtotalwidth=\skip130
\mdffootnoteboxheight=\skip131
\mdffootnoteboxdepth=\skip132
\mdffootnoteboxtotalheight=\skip133
\mdftotallinewidth=\skip134
\mdfboundingboxwidth=\skip135
\mdfboundingboxtotalwidth=\skip136
\mdfboundingboxheight=\skip137
\mdfboundingboxdepth=\skip138
\mdfboundingboxtotalheight=\skip139
\mdf@freevspace@length=\skip140
\mdf@horizontalwidthofbox@length=\skip141
\mdf@verticalmarginwhole@length=\skip142
\mdf@horizontalspaceofbox=\skip143
\mdfsubtitleheight=\skip144
\mdfsubsubtitleheight=\skip145
\c@mdfcountframes=\count432

****** mdframed patching \endmdf@trivlist

****** -- success******

\mdf@envdepth=\count433
\c@mdf@env@i=\count434
\c@mdf@env@ii=\count435
\c@mdf@zref@counter=\count436
Package zref Info: New property: mdf@pagevalue on input line 895.
) (/home/leo/.miktex/texmfs/install/tex/latex/tools/verbatim.sty
Package: verbatim 2020-07-07 v1.5u LaTeX2e package for verbatim enhancements
\every@verbatim=\toks28
\verbatim@line=\toks29
\verbatim@in@stream=\read3
) (/home/leo/.miktex/texmfs/install/tex/latex/minted/minted.sty
Package: minted 2021/12/24 v2.6 Yet another Pygments shim for LaTeX
 (/home/leo/.miktex/texmfs/install/tex/latex/fvextra/fvextra.sty
Package: fvextra 2019/02/04 v1.4 fvextra - extensions and patches for fancyvrb
 (/home/leo/.miktex/texmfs/install/tex/latex/fancyvrb/fancyvrb.sty
Package: fancyvrb 2022/06/06 4.5 verbatim text (tvz,hv)
\FV@CodeLineNo=\count437
\FV@InFile=\read4
\FV@TabBox=\box108
\c@FancyVerbLine=\count438
\FV@StepNumber=\count439
\FV@OutFile=\write4
) (/home/leo/.miktex/texmfs/install/tex/latex/upquote/upquote.sty
Package: upquote 2012/04/19 v1.3 upright-quote and grave-accent glyphs in verbatim
) (/home/leo/.miktex/texmfs/install/tex/latex/lineno/lineno.sty
Package: lineno 2005/11/02 line numbers on paragraphs v4.41
\linenopenalty=\count440
\output=\toks30
\linenoprevgraf=\count441
\linenumbersep=\dimen183
\linenumberwidth=\dimen184
\c@linenumber=\count442
\c@pagewiselinenumber=\count443
\c@LN@truepage=\count444
\c@internallinenumber=\count445
\c@internallinenumbers=\count446
\quotelinenumbersep=\dimen185
\bframerule=\dimen186
\bframesep=\dimen187
\bframebox=\box109


LaTeX Warning: Command \@parboxrestore  has changed.
               Check if current package is valid.

LaTeX Info: Redefining \\ on input line 3056.
)

Package fvextra Warning: csquotes should be loaded after fvextra, to avoid a warning from the lineno package on input line 37.

\c@FV@TrueTabGroupLevel=\count447
\c@FV@TrueTabCounter=\count448
\FV@TabBox@Group=\box110
\FV@TmpLength=\skip146
\c@FV@HighlightLinesStart=\count449
\c@FV@HighlightLinesStop=\count450
\FV@LoopCount=\count451
\FV@NCharsBox=\box111
\FV@BreakIndent=\dimen188
\FV@BreakIndentNChars=\count452
\FV@BreakSymbolSepLeft=\dimen189
\FV@BreakSymbolSepLeftNChars=\count453
\FV@BreakSymbolSepRight=\dimen190
\FV@BreakSymbolSepRightNChars=\count454
\FV@BreakSymbolIndentLeft=\dimen191
\FV@BreakSymbolIndentLeftNChars=\count455
\FV@BreakSymbolIndentRight=\dimen192
\FV@BreakSymbolIndentRightNChars=\count456
\c@FancyVerbLineBreakLast=\count457
\FV@LineBox=\box112
\FV@LineIndentBox=\box113
\FV@LineWidth=\dimen193
) (/home/leo/.miktex/texmfs/install/tex/latex/tools/calc.sty
Package: calc 2017/05/25 v4.3 Infix arithmetic (KKT,FJ)
\calc@Acount=\count458
\calc@Bcount=\count459
\calc@Adimen=\dimen194
\calc@Bdimen=\dimen195
\calc@Askip=\skip147
\calc@Bskip=\skip148
LaTeX Info: Redefining \setlength on input line 80.
LaTeX Info: Redefining \addtolength on input line 81.
\calc@Ccount=\count460
\calc@Cskip=\skip149
) (/home/leo/.miktex/texmfs/install/tex/latex/tools/shellesc.sty
Package: shellesc 2019/11/08 v1.0c unified shell escape interface for LaTeX
Package shellesc Info: Unrestricted shell escape enabled on input line 75.
) (/home/leo/.miktex/texmfs/install/tex/latex/ifplatform/ifplatform.sty
Package: ifplatform 2017/10/13 v0.4a Testing for the operating system
 (/home/leo/.miktex/texmfs/install/tex/generic/catchfile/catchfile.sty
Package: catchfile 2019/12/09 v1.8 Catch the contents of a file (HO)
) (/home/leo/.miktex/texmfs/install/tex/generic/iftex/ifluatex.sty
Package: ifluatex 2019/10/25 v1.5 ifluatex legacy package. Use iftex instead.
)
runsystem(uname -s > "main.w18")...executed.

 (main.w18)
runsystem(rm -- "main.w18")...executed.

) (/home/leo/.miktex/texmfs/install/tex/latex/xstring/xstring.sty (/home/leo/.miktex/texmfs/install/tex/generic/xstring/xstring.tex
\integerpart=\count461
\decimalpart=\count462
)
Package: xstring 2021/07/21 v1.84 String manipulations (CT)
) (/home/leo/.miktex/texmfs/install/tex/latex/framed/framed.sty
Package: framed 2011/10/22 v 0.96: framed or shaded text with page breaks
\OuterFrameSep=\skip150
\fb@frw=\dimen196
\fb@frh=\dimen197
\FrameRule=\dimen198
\FrameSep=\dimen199
)
\minted@appexistsfile=\read5
\minted@bgbox=\box114
\minted@code=\write5
\c@minted@FancyVerbLineTemp=\count463
\c@minted@pygmentizecounter=\count464
\@float@every@listing=\toks31
\c@listing=\count465
)
runsystem(mkdir -p _minted-main)...executed.

 (/home/leo/.miktex/texmfs/install/tex/latex/hyperref/hyperref.sty
Package: hyperref 2022-09-22 v7.00t Hypertext links for LaTeX
 (/home/leo/.miktex/texmfs/install/tex/generic/pdfescape/pdfescape.sty
Package: pdfescape 2019/12/09 v1.15 Implements pdfTeX's escape features (HO)
) (/home/leo/.miktex/texmfs/install/tex/latex/hycolor/hycolor.sty
Package: hycolor 2020-01-27 v1.10 Color options for hyperref/bookmark (HO)
) (/home/leo/.miktex/texmfs/install/tex/latex/letltxmacro/letltxmacro.sty
Package: letltxmacro 2019/12/03 v1.6 Let assignment for LaTeX macros (HO)
) (/home/leo/.miktex/texmfs/install/tex/latex/hyperref/nameref.sty
Package: nameref 2022-05-17 v2.50 Cross-referencing by name of section
 (/home/leo/.miktex/texmfs/install/tex/latex/refcount/refcount.sty
Package: refcount 2019/12/15 v3.6 Data extraction from label references (HO)
) (/home/leo/.miktex/texmfs/install/tex/generic/gettitlestring/gettitlestring.sty
Package: gettitlestring 2019/12/15 v1.6 Cleanup title references (HO)
)
\c@section@level=\count466
)
\@linkdim=\dimen256
\Hy@linkcounter=\count467
\Hy@pagecounter=\count468
 (/home/leo/.miktex/texmfs/install/tex/latex/hyperref/pd1enc.def
File: pd1enc.def 2022-09-22 v7.00t Hyperref: PDFDocEncoding definition (HO)
Now handling font encoding PD1 ...
... no UTF-8 mapping file for font encoding PD1
) (/home/leo/.miktex/texmfs/install/tex/generic/intcalc/intcalc.sty
Package: intcalc 2019/12/15 v1.3 Expandable calculations with integers (HO)
)
\Hy@SavedSpaceFactor=\count469
 (/home/leo/.miktex/texmfs/install/tex/latex/hyperref/puenc.def
File: puenc.def 2022-09-22 v7.00t Hyperref: PDF Unicode definition (HO)
Now handling font encoding PU ...
... no UTF-8 mapping file for font encoding PU
)
Package hyperref Info: Hyper figures OFF on input line 4162.
Package hyperref Info: Link nesting OFF on input line 4167.
Package hyperref Info: Hyper index ON on input line 4170.
Package hyperref Info: Plain pages OFF on input line 4177.
Package hyperref Info: Backreferencing OFF on input line 4182.
Package hyperref Info: Implicit mode ON; LaTeX internals redefined.
Package hyperref Info: Bookmarks ON on input line 4410.
\c@Hy@tempcnt=\count470
LaTeX Info: Redefining \url on input line 4748.
\XeTeXLinkMargin=\dimen257
 (/home/leo/.miktex/texmfs/install/tex/generic/bitset/bitset.sty
Package: bitset 2019/12/09 v1.3 Handle bit-vector datatype (HO)
 (/home/leo/.miktex/texmfs/install/tex/generic/bigintcalc/bigintcalc.sty
Package: bigintcalc 2019/12/15 v1.5 Expandable calculations on big integers (HO)
))
\Fld@menulength=\count471
\Field@Width=\dimen258
\Fld@charsize=\dimen259
Package hyperref Info: Hyper figures OFF on input line 6027.
Package hyperref Info: Link nesting OFF on input line 6032.
Package hyperref Info: Hyper index ON on input line 6035.
Package hyperref Info: backreferencing OFF on input line 6042.
Package hyperref Info: Link coloring OFF on input line 6047.
Package hyperref Info: Link coloring with OCG OFF on input line 6052.
Package hyperref Info: PDF/A mode OFF on input line 6057.
\Hy@abspage=\count472
\c@Item=\count473
\c@Hfootnote=\count474
)
Package hyperref Info: Driver (autodetected): hpdftex.
 (/home/leo/.miktex/texmfs/install/tex/latex/hyperref/hpdftex.def
File: hpdftex.def 2022-09-22 v7.00t Hyperref driver for pdfTeX
 (/home/leo/.miktex/texmfs/install/tex/latex/base/atveryend-ltx.sty
Package: atveryend-ltx 2020/08/19 v1.0a Emulation of the original atveryend package
with kernel methods
)
\HyAnn@Count=\count475
\Fld@listcount=\count476
\c@bookmark@seq@number=\count477
 (/home/leo/.miktex/texmfs/install/tex/latex/rerunfilecheck/rerunfilecheck.sty
Package: rerunfilecheck 2022-07-10 v1.10 Rerun checks for auxiliary files (HO)
 (/home/leo/.miktex/texmfs/install/tex/generic/uniquecounter/uniquecounter.sty
Package: uniquecounter 2019/12/15 v1.4 Provide unlimited unique counter (HO)
)
Package uniquecounter Info: New unique counter `rerunfilecheck' on input line 285.
)
\Hy@SectionHShift=\skip151
) (/home/leo/.miktex/texmfs/install/tex/generic/babel/babel.sty
Package: babel 2022/10/23 3.82 The Babel package
\babel@savecnt=\count478
\U@D=\dimen260
\l@unhyphenated=\language2
 (/home/leo/.miktex/texmfs/install/tex/generic/babel/txtbabel.def)
\bbl@readstream=\read6
\bbl@dirlevel=\count479

*************************************
* Local config file bblopts.cfg used
*
(/home/leo/.miktex/texmfs/install/tex/latex/arabi/bblopts.cfg
File: bblopts.cfg 2005/09/08 v0.1 add Arabic and Farsi to "declared" options of babel
) (/home/leo/.miktex/texmfs/install/tex/latex/babel-italian/italian.ldf
Language: italian 2022/03/27 v.1.4.07 Italian support for the babel system


Package babel Warning: No hyphenation patterns were preloaded for
(babel)                the language 'Italian' into the format.
(babel)                Please, configure your TeX system to add them and
(babel)                rebuild the format. Now I will use the patterns
(babel)                preloaded for \language=0 instead on input line 21.

\it@lettering=\count480
\it@doublequoteactive=\count481
\it@ISOcompliance=\count482
)) (/home/leo/.miktex/texmfs/install/tex/generic/babel/locale/it/babel-italian.tex
Package babel Info: Importing font and identification data for italian
(babel)             from babel-it.ini. Reported on input line 11.
)
Package csquotes Info: Checking for multilingual support...
Package csquotes Info: ... found 'babel' package.
Package csquotes Info: Adjusting default style.
Package csquotes Info: Redefining alias 'default' -> 'italian'.
runsystem(which pygmentize && touch main.aex)...executed.

runsystem(rm main.aex)...executed.

 (main.aux)
\openout1 = `main.aux'.

LaTeX Font Info:    Checking defaults for OML/cmm/m/it on input line 42.
LaTeX Font Info:    ... okay on input line 42.
LaTeX Font Info:    Checking defaults for OMS/cmsy/m/n on input line 42.
LaTeX Font Info:    ... okay on input line 42.
LaTeX Font Info:    Checking defaults for OT1/cmr/m/n on input line 42.
LaTeX Font Info:    ... okay on input line 42.
LaTeX Font Info:    Checking defaults for T1/cmr/m/n on input line 42.
LaTeX Font Info:    ... okay on input line 42.
LaTeX Font Info:    Checking defaults for TS1/cmr/m/n on input line 42.
LaTeX Font Info:    ... okay on input line 42.
LaTeX Font Info:    Checking defaults for OMX/cmex/m/n on input line 42.
LaTeX Font Info:    ... okay on input line 42.
LaTeX Font Info:    Checking defaults for U/cmr/m/n on input line 42.
LaTeX Font Info:    ... okay on input line 42.
LaTeX Font Info:    Checking defaults for PD1/pdf/m/n on input line 42.
LaTeX Font Info:    ... okay on input line 42.
LaTeX Font Info:    Checking defaults for PU/pdf/m/n on input line 42.
LaTeX Font Info:    ... okay on input line 42.
Package biblatex Info: Trying to load language 'italian'...
Package biblatex Info: ... file 'italian.lbx' found.
 (/home/leo/.miktex/texmfs/install/tex/latex/biblatex/lbx/italian.lbx
File: italian.lbx 2022/07/12 v3.18b biblatex localization (PK/MW)
)
Package biblatex Info: Input encoding 'utf8' detected.
Package biblatex Info: Automatic encoding selection.
(biblatex)             Assuming data encoding 'utf8'.
Package biblatex Info: Input encoding 'utf8' detected.
Package biblatex Info: Data encoding 'utf8' specified.
(biblatex)             No need to reencode data.
\openout3 = `main-blx.bib'.

Package biblatex Info: Trying to load bibliographic data...
Package biblatex Info: ... file 'main.bbl' found.
 (main.bbl)
Package biblatex Info: Reference section=0 on input line 42.
Package biblatex Info: Reference segment=0 on input line 42.

*geometry* driver: auto-detecting
*geometry* detected driver: pdftex
*geometry* verbose mode - [ preamble ] result:
* driver: pdftex
* paper: a4paper
* layout: <same size as paper>
* layoutoffset:(h,v)=(0.0pt,0.0pt)
* modes: twoside 
* h-part:(L,W,R)=(68.28659pt, 426.79134pt, 102.42995pt)
* v-part:(T,H,B)=(71.13188pt, 702.78308pt, 71.13188pt)
* \paperwidth=597.50787pt
* \paperheight=845.04684pt
* \textwidth=426.79134pt
* \textheight=702.78308pt
* \oddsidemargin=-3.9834pt
* \evensidemargin=30.15996pt
* \topmargin=-33.0119pt
* \headheight=12.0pt
* \headsep=19.8738pt
* \topskip=12.0pt
* \footskip=30.0pt
* \marginparwidth=98.0pt
* \marginparsep=7.0pt
* \columnsep=10.0pt
* \skip\footins=10.8pt plus 4.0pt minus 2.0pt
* \hoffset=0.0pt
* \voffset=0.0pt
* \mag=1000
* \@twocolumnfalse
* \@twosidetrue
* \@mparswitchtrue
* \@reversemarginfalse
* (1in=72.27pt=25.4mm, 1cm=28.453pt)

(/home/leo/.miktex/texmfs/install/tex/context/base/mkii/supp-pdf.mkii
[Loading MPS to PDF converter (version 2006.09.02).]
\scratchcounter=\count483
\scratchdimen=\dimen261
\scratchbox=\box115
\nofMPsegments=\count484
\nofMParguments=\count485
\everyMPshowfont=\toks32
\MPscratchCnt=\count486
\MPscratchDim=\dimen262
\MPnumerator=\count487
\makeMPintoPDFobject=\count488
\everyMPtoPDFconversion=\toks33
) (/home/leo/.miktex/texmfs/install/tex/latex/epstopdf-pkg/epstopdf-base.sty
Package: epstopdf-base 2020-01-24 v2.11 Base part for package epstopdf
 (/home/leo/.miktex/texmfs/install/tex/latex/grfext/grfext.sty
Package: grfext 2019/12/03 v1.3 Manage graphics extensions (HO)
)
Package epstopdf-base Info: Redefining graphics rule for `.eps' on input line 485.
Package grfext Info: Graphics extension search list:
(grfext)             [.pdf,.png,.jpg,.mps,.jpeg,.jbig2,.jb2,.PDF,.PNG,.JPG,.JPEG,.JBIG2,.JB2,.eps]
(grfext)             \AppendGraphicsExtensions on input line 504.
 (/home/leo/.miktex/texmfs/install/tex/latex/00miktex/epstopdf-sys.cfg
File: epstopdf-sys.cfg 2021/03/18 v2.0 Configuration of epstopdf for MiKTeX
))
Package caption Info: Begin \AtBeginDocument code.
Package caption Info: hyperref package is loaded.
Package caption Info: End \AtBeginDocument code.
Package hyperref Info: Link coloring OFF on input line 42.
 (main.out) (main.out)
\@outlinefile=\write6
\openout6 = `main.out'.

LaTeX Info: Redefining \it@ocap on input line 42.
LaTeX Info: Redefining \it@ccap on input line 42.


File italian.ldf warning: 
italian.ldf    With OT1 encoding guillemets are poorly faked
italian.ldf    Use T1 encoding
italian.ldf    or specify a font with command \CaporaliFrom
italian.ldf    See the documentation concerning the babel-italian typesetting 
italian.ldf    on input line 42.

(main.toc)
\tf@toc=\write7
\openout7 = `main.toc'.

 (chapters/doc_mediapipe.tex [1


{/home/leo/.miktex/texmfs/data/fonts/map/pdftex/pdftex.map}] [2]
Capitolo 1.

Underfull \hbox (badness 10000) in paragraph at lines 3--8

 []


Underfull \hbox (badness 10000) in paragraph at lines 14--18

 []

[3

]
Overfull \hbox (20.16096pt too wide) in paragraph at lines 29--31
\OT1/cmr/m/n/12 accuratamente ritagliata diminuisce di gran lunga le elaborazioni necessarie, aumentando
 []


Overfull \hbox (3.4308pt too wide) in paragraph at lines 33--34
\OT1/cmr/bx/n/12 tracking dei punti \OT1/cmr/m/n/12 dal modulo \OT1/cmtt/m/n/12 landmark \OT1/cmr/m/n/12 e renderizza usando un sottografo dedicato
 []


Underfull \hbox (badness 10000) in paragraph at lines 39--48

 []


Overfull \hbox (1.55283pt too wide) in paragraph at lines 39--48
\OT1/cmr/m/n/12 In secondo luogo, viene utilizzato un de/codificatore per l'estrazione di caratteristiche
 []


Underfull \hbox (badness 10000) in paragraph at lines 39--48

 []

[4]
<images/landmarks.png, id=171, 859.21pt x 300.12125pt>
File: images/landmarks.png Graphic file (type png)
<use images/landmarks.png>
Package pdftex.def Info: images/landmarks.png  used on input line 57.
(pdftex.def)             Requested size: 405.45045pt x 141.62486pt.

Underfull \hbox (badness 10000) in paragraph at lines 51--58

 []

[5 <./images/landmarks.png>]
LaTeX Font Info:    Font shape `OT1/cmtt/bx/n' in size <12> not available
(Font)              Font shape `OT1/cmtt/m/n' tried instead on input line 66.

Overfull \hbox (10.82217pt too wide) in paragraph at lines 75--76
\OT1/cmr/m/n/12 Altrimenti, il modello di rilevamento della mano (palmo) verr^^Ra richiamato all'immagine
 []


Overfull \hbox (8.00647pt too wide) in paragraph at lines 75--76
\OT1/cmr/m/n/12 in input successiva. Di conseguenza, aumentando questo valore avremo una robustezza
 []

[6]
Overfull \hbox (6.1766pt too wide) in paragraph at lines 84--85
\OT1/cmr/m/n/12 Ogni mano ^^Re composta da un'etichetta (\OT1/cmtt/m/n/12 label\OT1/cmr/m/n/12 ) e da un punteggio (\OT1/cmtt/m/n/12 score\OT1/cmr/m/n/12 ). L'etichetta
 []

) (chapters/struct_progetto.tex [7] [8

]
Capitolo 2.
<images/struct_demo.png, id=205, 362.35374pt x 229.85875pt>
File: images/struct_demo.png Graphic file (type png)
<use images/struct_demo.png>
Package pdftex.def Info: images/struct_demo.png  used on input line 8.
(pdftex.def)             Requested size: 213.39566pt x 135.36995pt.

Underfull \hbox (badness 10000) in paragraph at lines 10--13

 []


Underfull \hbox (badness 10000) in paragraph at lines 10--13

 []

<images/struct_progetto.png, id=206, 467.7475pt x 655.44875pt>
File: images/struct_progetto.png Graphic file (type png)
<use images/struct_progetto.png>
Package pdftex.def Info: images/struct_progetto.png  used on input line 18.
(pdftex.def)             Requested size: 341.43436pt x 478.4736pt.

Underfull \vbox (badness 10000) has occurred while \output is active []

 [9 <./images/struct_demo.png>]
Overfull \hbox (21.10016pt too wide) in paragraph at lines 20--22
\OT1/cmr/m/n/12 All'interno del package \OT1/cmtt/m/n/12 hands/java/com/google/mediapipe/examples/hands \OT1/cmr/m/n/12 abbiamo
 []


Overfull \hbox (13.1721pt too wide) in paragraph at lines 20--22
\OT1/cmr/m/n/12 potuto eliminare la classe \OT1/cmtt/m/n/12 HandsResultImageView\OT1/cmr/m/n/12 , utile solo con acquisizione dell'input
 []


Overfull \hbox (0.13388pt too wide) in paragraph at lines 20--22
\OT1/cmr/m/n/12 tramite immagine statica; mentre la classe \OT1/cmtt/m/n/12 HandsResultGlRenderer\OT1/cmr/m/n/12 , per il rendering
 []


Underfull \hbox (badness 10000) in paragraph at lines 20--22

 []


Underfull \vbox (badness 2707) has occurred while \output is active []

 [10 <./images/struct_progetto.png>]
Overfull \hbox (0.72322pt too wide) in paragraph at lines 31--35
\OT1/cmr/m/n/12 Entrambe le \OT1/cmr/m/it/12 activities \OT1/cmr/m/n/12 hanno quindi lo scopo di mostrare la mano ed il riconoscimento
 []


Underfull \hbox (badness 10000) in paragraph at lines 31--35

 []


Underfull \hbox (badness 10000) in paragraph at lines 37--38

 []

[11]
Overfull \hbox (35.6569pt too wide) in paragraph at lines 52--53
\OT1/cmr/m/n/12 dalla classe \OT1/cmtt/m/n/12 View\OT1/cmr/m/n/12 , viene eseguita la funzione passata ed esposto l'output nell'interfaccia
 []


Overfull \hbox (29.93463pt too wide) in paragraph at lines 54--55
\OT1/cmr/m/n/12 Sono presenti poi ulteriori funzioni che vengono utilizzate da \OT1/cmtt/m/n/12 MainActivity \OT1/cmr/m/n/12 e \OT1/cmtt/m/n/12 PdfActivity
 []


Overfull \hbox (2.0045pt too wide) in paragraph at lines 59--64
\OT1/cmr/m/n/12 Viene effettuato l'\OT1/cmtt/m/n/12 override \OT1/cmr/m/n/12 delle funzioni ereditate da \OT1/cmtt/m/n/12 AppCompatActivity \OT1/cmr/m/n/12 e, mentre
 []


Overfull \hbox (13.96701pt too wide) in paragraph at lines 59--64
\OT1/cmtt/m/n/12 onPause \OT1/cmr/m/n/12 e \OT1/cmtt/m/n/12 onResume \OT1/cmr/m/n/12 chiamano solamente le relative funzioni della classe \OT1/cmtt/m/n/12 BaseActivity\OT1/cmr/m/n/12 ,
 []


Underfull \hbox (badness 10000) in paragraph at lines 59--64

 []

[12]
Overfull \hbox (24.51237pt too wide) in paragraph at lines 66--67
[]\OT1/cmr/m/n/12 chiamata alla funzione \OT1/cmtt/m/n/12 firstSetupStreamingModePipeline \OT1/cmr/m/n/12 di \OT1/cmtt/m/n/12 BaseActivity
 []


Overfull \hbox (40.28416pt too wide) in paragraph at lines 66--67
\OT1/cmr/m/n/12 che crea delle nuove istanze di \OT1/cmtt/m/n/12 HandsResultGlRenderer\OT1/cmr/m/n/12 , \OT1/cmtt/m/n/12 Hands \OT1/cmr/m/n/12 e \OT1/cmtt/m/n/12 glSurfaceView\OT1/cmr/m/n/12 .
 []


Overfull \hbox (18.33737pt too wide) in paragraph at lines 68--69
[]\OT1/cmr/m/n/12 chiamata alla funzione \OT1/cmtt/m/n/12 lastSetupStreamingModePipeline \OT1/cmr/m/n/12 di \OT1/cmtt/m/n/12 BaseActivity
 []

) (chapters/riconoscimento_gesture.tex
Overfull \hbox (0.8106pt too wide) in paragraph at lines 74--1
\OT1/cmr/m/n/12 ovviamente differenziato il layout della pagina e, all'interno del \OT1/cmr/m/it/12 listener \OT1/cmr/m/n/12 della funzione
 []

[13] [14

]
Capitolo 3.
<images/pollici_1.png, id=244, 99.9735pt x 121.05225pt>
File: images/pollici_1.png Graphic file (type png)
<use images/pollici_1.png>
Package pdftex.def Info: images/pollici_1.png  used on input line 14.
(pdftex.def)             Requested size: 199.22491pt x 241.23943pt.
<images/pollici_2.png, id=245, 175.25475pt x 202.95825pt>
File: images/pollici_2.png Graphic file (type png)
<use images/pollici_2.png>
Package pdftex.def Info: images/pollici_2.png  used on input line 19.
(pdftex.def)             Requested size: 208.39566pt x 241.34369pt.

Underfull \hbox (badness 10000) in paragraph at lines 24--25

 []

[15 <./images/pollici_1.png> <./images/pollici_2.png>]
<images/disegno_linea.png, id=254, 363.15675pt x 198.7425pt>
File: images/disegno_linea.png Graphic file (type png)
<use images/disegno_linea.png>
Package pdftex.def Info: images/disegno_linea.png  used on input line 29.
(pdftex.def)             Requested size: 256.0774pt x 140.1529pt.

Overfull \hbox (23.03316pt too wide) in paragraph at lines 26--30
\OT1/cmr/m/n/12 interesse e verifichiamo quanto ciascun punto in mezzo si discosta dalla linea immaginaria. 
 []

[16 <./images/disegno_linea.png>]
<images/thumb_up.png, id=261, 355.92975pt x 322.20375pt>
File: images/thumb_up.png Graphic file (type png)
<use images/thumb_up.png>
Package pdftex.def Info: images/thumb_up.png  used on input line 52.
(pdftex.def)             Requested size: 208.39566pt x 188.64821pt.

Overfull \hbox (1.16116pt too wide) in paragraph at lines 64--67
\OT1/cmr/m/n/12 Abbiamo poi introdotto un errore di 8 livelli per avere un buon trade-off tra precisione
 []


Underfull \hbox (badness 10000) in paragraph at lines 64--67

 []

[17 <./images/thumb_up.png>]
<images/three_hand.png, id=268, 365.56575pt x 446.8695pt>
File: images/three_hand.png Graphic file (type png)
<use images/three_hand.png>
Package pdftex.def Info: images/three_hand.png  used on input line 75.
(pdftex.def)             Requested size: 208.39566pt x 254.74553pt.
<images/four_hand.png, id=269, 320.397pt x 375.20175pt>
File: images/four_hand.png Graphic file (type png)
<use images/four_hand.png>
Package pdftex.def Info: images/four_hand.png  used on input line 95.
(pdftex.def)             Requested size: 208.39566pt x 244.04427pt.
 [18 <./images/three_hand.png> <./images/four_hand.png>]
<images/crab.png, id=278, 349.90726pt x 421.575pt>
File: images/crab.png Graphic file (type png)
<use images/crab.png>
Package pdftex.def Info: images/crab.png  used on input line 117.
(pdftex.def)             Requested size: 256.0774pt x 308.52554pt.

Overfull \hbox (3.1068pt too wide) in paragraph at lines 111--118
\OT1/cmr/m/n/12 (\OT1/cmtt/m/n/12 multiHandLandmarks\OT1/cmr/m/n/12 ), ^^Re stato sufficiente andarsi a costruire un vettore con partenza
 []

[19 <./images/crab.png>]
<images/pinch_1.png, id=287, 320.397pt x 383.031pt>
File: images/pinch_1.png Graphic file (type png)
<use images/pinch_1.png>
Package pdftex.def Info: images/pinch_1.png  used on input line 134.
(pdftex.def)             Requested size: 187.55481pt x 224.22127pt.
<images/pinch_2.png, id=288, 302.3295pt x 271.61475pt>
File: images/pinch_2.png Graphic file (type png)
<use images/pinch_2.png>
Package pdftex.def Info: images/pinch_2.png  used on input line 139.
(pdftex.def)             Requested size: 229.2365pt x 205.94443pt.

Overfull \hbox (20.84084pt too wide) in paragraph at lines 139--140
 [][] 
 []

[20 <./images/pinch_1.png> <./images/pinch_2.png>]
Underfull \hbox (badness 10000) in paragraph at lines 146--152

 []

<images/scroll_1.png, id=296, 368.577pt x 391.4625pt>
File: images/scroll_1.png Graphic file (type png)
<use images/scroll_1.png>
Package pdftex.def Info: images/scroll_1.png  used on input line 154.
(pdftex.def)             Requested size: 208.39566pt x 221.338pt.
<images/scroll_2.png, id=297, 369.17924pt x 388.45125pt>
File: images/scroll_2.png Graphic file (type png)
<use images/scroll_2.png>
Package pdftex.def Info: images/scroll_2.png  used on input line 159.
(pdftex.def)             Requested size: 208.39566pt x 219.27382pt.
) (chapters/metodi_riconoscimento.tex [21 <./images/scroll_1.png> <./images/scroll_2.png>] [22

]
Capitolo 4.

Overfull \hbox (23.98497pt too wide) in paragraph at lines 1--1
|[]\OT1/cmr/bx/n/24.88 Metodologie di riconoscimento
 []


LaTeX Warning: Reference `intro' on page 23 undefined on input line 3.


LaTeX Warning: Reference `gesture' on page 23 undefined on input line 9.


Overfull \hbox (7.75415pt too wide) in paragraph at lines 15--16
[]\OT1/cmr/m/n/12 Abbiamo rilevato le distanze tra landmark caratterizzanti una particolare posizione
 []


Overfull \hbox (20.68318pt too wide) in paragraph at lines 17--18
\OT1/cmr/m/n/12 piccole ma non trascurabili fluttuazioni dei valori ottenuti dal framework, che impedivano
 []

[23]
Overfull \hbox (11.11801pt too wide) in paragraph at lines 45--46
\OT1/cmr/m/n/12 L'utilit^^Ra di un sistema di riconoscimento di gesture non si ferma soltanto alla rilevazione
 []

[24]) (chapters/applicazione_esterna.tex [25] [26

]
Capitolo 5.

Overfull \hbox (11.66298pt too wide) in paragraph at lines 1--1
|[]\OT1/cmr/bx/n/24.88 Funzionalit^^Ra dell'applicazione| 
 []


Underfull \hbox (badness 10000) in paragraph at lines 3--8

 []

<images/homepage.png, id=326, 369.38pt x 325.215pt>
File: images/homepage.png Graphic file (type png)
<use images/homepage.png>
Package pdftex.def Info: images/homepage.png  used on input line 11.
(pdftex.def)             Requested size: 213.39566pt x 187.88046pt.
[27 <./images/homepage.png>]
Underfull \hbox (badness 10000) in paragraph at lines 20--29
\OT1/cmr/m/n/12 Il primo permette di attivare la
 []


Underfull \hbox (badness 10000) in paragraph at lines 20--29
\OT1/cmr/m/n/12 Android, previa autorizzazione
 []


Underfull \hbox (badness 10000) in paragraph at lines 20--29

 []


Underfull \hbox (badness 7925) in paragraph at lines 20--29
\OT1/cmr/m/n/12 In questo caso viene mostrato lo
 []


Underfull \hbox (badness 5787) in paragraph at lines 20--29
\OT1/cmr/m/n/12 scaturire e dunque uno sfasamento
 []

<images/startcamera.png, id=333, 370.38374pt x 803.0pt>
File: images/startcamera.png Graphic file (type png)
<use images/startcamera.png>
Package pdftex.def Info: images/startcamera.png  used on input line 31.
(pdftex.def)             Requested size: 187.55481pt x 406.62068pt.

Overfull \hbox (1.30664pt too wide) in paragraph at lines 35--42
\OT1/cmr/m/n/12 della fotocamera interna con la sua mano mappata da 21 punti differenti (\OT1/cmr/m/it/12 landmarks\OT1/cmr/m/n/12 ),
 []


Underfull \hbox (badness 10000) in paragraph at lines 35--42

 []

[28 <./images/startcamera.png>]
Underfull \hbox (badness 10000) in paragraph at lines 50--60

 []


Underfull \hbox (badness 7047) in paragraph at lines 50--60
\OT1/cmr/m/n/12 un \OT1/cmtt/m/n/12 PdfViewer \OT1/cmr/m/n/12 ottenuto grazie alla
 []


Underfull \hbox (badness 10000) in paragraph at lines 50--60
\OT1/cmr/m/n/12 libreria esterna \OT1/cmtt/m/n/12 com.github.mhiew\OT1/cmr/m/n/12 ),
 []

<images/pdfactivity.png, id=338, 370.38374pt x 803.0pt>
File: images/pdfactivity.png Graphic file (type png)
<use images/pdfactivity.png>
Package pdftex.def Info: images/pdfactivity.png  used on input line 62.
(pdftex.def)             Requested size: 166.71716pt x 361.44469pt.
[29 <./images/pdfactivity.png>]
Overfull \hbox (12.83514pt too wide) in paragraph at lines 74--75
\OT1/cmr/m/n/12 visualizzare (creati una sola volta al primo avvio tramite la libreria \OT1/cmtt/m/n/12 iTextPdf
 []


Overfull \hbox (2.64618pt too wide) in paragraph at lines 79--80
[]\OT1/cmr/bx/n/12 Pinch\OT1/cmr/m/n/12 : si incrementa o diminuisce il valore dello zoom sul pdf aumentando
 []

) (chapters/osservazioni_finali.tex [30]
Capitolo 6.

Overfull \hbox (4.49446pt too wide) in paragraph at lines 11--12
\OT1/cmr/m/n/12 manca di luminosit^^Ra l'accuratezza del rilevamento cala drasticamente (problema
 []


Overfull \hbox (26.01414pt too wide) in paragraph at lines 16--17
\OT1/cmr/m/n/12 considerando il lavoro che svolge; un fattore critico ^^Re rappresentato dall'impossibilit^^Ra
 []


Overfull \hbox (6.51332pt too wide) in paragraph at lines 18--19
[]\OT1/cmr/bx/n/12 Gesture non eccessivamente elastiche\OT1/cmr/m/n/12 : l'applicazione utilizza le proporzioni
 []

[31

])
Overfull \hbox (7.07083pt too wide) in paragraph at lines 32--50
\OT1/cmr/m/n/12 La possibilit^^Ra di poter interagire con un dispositivo tramite una videocamera introduce
 []


Overfull \hbox (2.53615pt too wide) in paragraph at lines 32--50
\OT1/cmr/m/n/12 computazionali potenti (cervello e computer) nella loro collaborazione sono ostacolate
 []


Underfull \hbox (badness 10000) in paragraph at lines 32--50

 []


Overfull \hbox (1.05653pt too wide) in paragraph at lines 32--50
\OT1/cmr/m/n/12 diverse e poi elaborate insieme per ricostruire la posizione delle dita. Questa proposta
 []


Underfull \hbox (badness 10000) in paragraph at lines 32--50

 []


Overfull \hbox (0.14265pt too wide) in paragraph at lines 32--50
\OT1/cmr/m/n/12 permettendo quindi di navigare nell'interfaccia proposta dallo schermo. Combinando
 []

[32] [33] (main.aux)

LaTeX Warning: There were undefined references.

Package rerunfilecheck Info: File `main.out' has not changed.
(rerunfilecheck)             Checksum: 1CEC2C979DB3B2B2C4F04F0B05DDCFA9;4896.
Package logreq Info: Writing requests to 'main.run.xml'.
\openout1 = `main.run.xml'.

 ) 
Here is how much of TeX's memory you used:
 24970 strings out of 477314
 455631 string characters out of 2828636
 1056149 words of memory out of 3000000
 45654 multiletter control sequences out of 15000+600000
 475998 words of font info for 51 fonts, out of 8000000 for 9000
 0 hyphenation exceptions out of 8191
 73i,7n,77p,1954b,1309s stack positions out of 10000i,1000n,20000p,200000b,80000s
 </home/leo/.miktex/texmfs/data/fonts/pk/ljfour/jknappen/ec/dpi600/tcrm1200.pk></home/leo/.miktex/texmfs/install/fonts/type1/public/amsfonts/cm/cmbx12.pfb></home/leo/.miktex/texmfs/install/fonts/type1/public/amsfonts/cm/cmmi12.pfb></home/leo/.miktex/texmfs/install/fonts/type1/public/amsfonts/cm/cmmi8.pfb></home/leo/.miktex/texmfs/install/fonts/type1/public/amsfonts/cm/cmr12.pfb></home/leo/.miktex/texmfs/install/fonts/type1/public/amsfonts/cm/cmr8.pfb></home/leo/.miktex/texmfs/install/fonts/type1/public/amsfonts/cm/cmsl12.pfb></home/leo/.miktex/texmfs/install/fonts/type1/public/amsfonts/cm/cmsy10.pfb></home/leo/.miktex/texmfs/install/fonts/type1/public/amsfonts/cm/cmti12.pfb></home/leo/.miktex/texmfs/install/fonts/type1/public/amsfonts/cm/cmtt12.pfb>
Output written on main.pdf (33 pages, 3504236 bytes).
PDF statistics:
 435 PDF objects out of 1000 (max. 8388607)
 106 named destinations out of 1000 (max. 500000)
 310 words of extra memory for PDF output out of 10000 (max. 10000000)

